2016-02-05 19:45:26 DEBUG airasiaGetData:50 - URL>>> https://booking.airasia.com/Flight/Select?o1=CGK&d1=KUL&culture=id-ID&dd1=2016-02-10&dd2=2016-02-20&r=true&ADT=1&CHD=0&inl=0&s=true&mon=true&cc=IDR&c=false
2016-02-05 19:45:35 DEBUG airasiaGetData:85 - FLIGHT >>>>>>>>>>>>>>>>>>>
2016-02-05 19:45:35 DEBUG airasiaGetData:134 - After Sort ASC
2016-02-05 19:45:35 DEBUG airasiaGetData:137 - {id=trip_0_date_0_flight_1_fare_0, flightCode=AK 383, price=619000.0, depart=02/10/2016 08:30, origin=CGK, arrived=02/10/2016 11:30, destination=KUL}
2016-02-05 19:45:35 DEBUG airasiaGetData:137 - {id=trip_0_date_0_flight_2_fare_0, flightCode=AK 389, price=619000.0, depart=02/10/2016 10:10, origin=CGK, arrived=02/10/2016 13:15, destination=KUL}
2016-02-05 19:45:35 DEBUG airasiaGetData:137 - {id=trip_0_date_0_flight_3_fare_0, flightCode=QZ 200, price=619000.0, depart=02/10/2016 11:30, origin=CGK, arrived=02/10/2016 14:30, destination=KUL}
2016-02-05 19:45:35 DEBUG airasiaGetData:137 - {id=trip_0_date_0_flight_4_fare_0, flightCode=AK 385, price=619000.0, depart=02/10/2016 15:10, origin=CGK, arrived=02/10/2016 18:15, destination=KUL}
2016-02-05 19:45:35 DEBUG airasiaGetData:137 - {id=trip_0_date_0_flight_5_fare_0, flightCode=QZ 206, price=619000.0, depart=02/10/2016 18:50, origin=CGK, arrived=02/10/2016 21:50, destination=KUL}
2016-02-05 19:45:35 DEBUG airasiaGetData:137 - {id=trip_0_date_0_flight_6_fare_0, flightCode=AK 387, price=619000.0, depart=02/10/2016 20:25, origin=CGK, arrived=02/10/2016 23:30, destination=KUL}
2016-02-05 19:45:35 DEBUG airasiaGetData:137 - {id=trip_0_date_0_flight_0_fare_0, flightCode=QZ 202, price=849000.0, depart=02/10/2016 06:25, origin=CGK, arrived=02/10/2016 09:25, destination=KUL}
2016-02-05 19:45:35 DEBUG airasiaGetData:147 - Minimum Fare >>>> {id=trip_0_date_0_flight_6_fare_0, flightCode=AK 387, price=619000.0, depart=02/10/2016 20:25, origin=CGK, arrived=02/10/2016 23:30, destination=KUL}
2016-02-05 19:45:35 DEBUG airasiaGetData:148 - Maximum Fare >>>> {id=trip_0_date_0_flight_0_fare_0, flightCode=QZ 202, price=849000.0, depart=02/10/2016 06:25, origin=CGK, arrived=02/10/2016 09:25, destination=KUL}
2016-02-05 19:45:35 DEBUG airasiaGetData:94 - RETURN >>>>>>>>>>>>>>>>>>>
2016-02-05 19:45:35 DEBUG airasiaGetData:134 - After Sort ASC
2016-02-05 19:45:35 DEBUG airasiaGetData:137 - {id=trip_1_date_0_flight_2_fare_0, flightCode=QZ 203, price=431500.0, depart=02/20/2016 09:50, origin=KUL, arrived=02/20/2016 10:50, destination=CGK}
2016-02-05 19:45:35 DEBUG airasiaGetData:137 - {id=trip_1_date_0_flight_0_fare_0, flightCode=AK 382, price=611500.0, depart=02/20/2016 07:00, origin=KUL, arrived=02/20/2016 08:00, destination=CGK}
2016-02-05 19:45:35 DEBUG airasiaGetData:137 - {id=trip_1_date_0_flight_1_fare_0, flightCode=AK 388, price=611500.0, depart=02/20/2016 08:25, origin=KUL, arrived=02/20/2016 09:40, destination=CGK}
2016-02-05 19:45:35 DEBUG airasiaGetData:137 - {id=trip_1_date_0_flight_3_fare_0, flightCode=AK 384, price=611500.0, depart=02/20/2016 13:35, origin=KUL, arrived=02/20/2016 14:45, destination=CGK}
2016-02-05 19:45:35 DEBUG airasiaGetData:137 - {id=trip_1_date_0_flight_4_fare_0, flightCode=AK 386, price=611500.0, depart=02/20/2016 18:45, origin=KUL, arrived=02/20/2016 19:55, destination=CGK}
2016-02-05 19:45:35 DEBUG airasiaGetData:137 - {id=trip_1_date_0_flight_5_fare_0, flightCode=QZ 207, price=671500.0, depart=02/20/2016 22:15, origin=KUL, arrived=02/20/2016 23:20, destination=CGK}
2016-02-05 19:45:35 DEBUG airasiaGetData:147 - Minimum Fare >>>> {id=trip_1_date_0_flight_2_fare_0, flightCode=QZ 203, price=431500.0, depart=02/20/2016 09:50, origin=KUL, arrived=02/20/2016 10:50, destination=CGK}
2016-02-05 19:45:35 DEBUG airasiaGetData:148 - Maximum Fare >>>> {id=trip_1_date_0_flight_5_fare_0, flightCode=QZ 207, price=671500.0, depart=02/20/2016 22:15, origin=KUL, arrived=02/20/2016 23:20, destination=CGK}
